<?xml version="1.0" encoding="UTF-8"?>
<!-- Generated by org.testng.reporters.JUnitXMLReporter -->
<testsuite hostname="sachin-PC" ignored="0" name="Default test" tests="2" failures="0" timestamp="21 Sep 2020 18:54:42 GMT" time="39.786" errors="0">
  <testcase name="verifyContactsPageLabel" time="0.315" classname="com.crm.qa.testcases.ContactsPageTest"/>
  <testcase name="selectSingleContactsTest" time="0.003" classname="com.crm.qa.testcases.ContactsPageTest"/>
</testsuite> <!-- Default test -->
