<?xml version="1.0" encoding="UTF-8"?>
<!-- Generated by org.testng.reporters.JUnitXMLReporter -->
<testsuite hostname="sachin-PC" ignored="0" name="Command line test" tests="7" failures="0" timestamp="22 Sep 2020 12:00:41 GMT" time="164.371" errors="0">
  <testcase name="verifyContactsPageLabel" time="0.499" classname="com.crm.qa.testcases.ContactsPageTest"/>
  <testcase name="verifyHomePageTitleTest" time="0.007" classname="com.crm.qa.testcases.HomePageTest"/>
  <testcase name="loginPageTitleTest" time="0.009" classname="com.crm.qa.testcases.LoginPageTest"/>
  <testcase name="selectSingleContactsTest" time="0.001" classname="com.crm.qa.testcases.ContactsPageTest"/>
  <testcase name="verifyUserNameTest" time="2.786" classname="com.crm.qa.testcases.HomePageTest"/>
  <testcase name="verifyContactsLinkTest" time="1.691" classname="com.crm.qa.testcases.HomePageTest"/>
  <testcase name="loginTest" time="0.315" classname="com.crm.qa.testcases.LoginPageTest"/>
</testsuite> <!-- Command line test -->
