<?xml version="1.0" encoding="UTF-8"?>
<!-- Generated by org.testng.reporters.JUnitXMLReporter -->
<testsuite hostname="sachin-PC" ignored="0" name="Free CRm app test cases" tests="7" failures="0" timestamp="22 Sep 2020 08:23:50 GMT" time="135.233" errors="0">
  <testcase name="verifyHomePageTitleTest" time="0.016" classname="com.crm.qa.testcases.HomePageTest"/>
  <testcase name="loginPageTitleTest" time="0.011" classname="com.crm.qa.testcases.LoginPageTest"/>
  <testcase name="verifyContactsPageLabel" time="0.196" classname="com.crm.qa.testcases.ContactsPageTest"/>
  <testcase name="verifyUserNameTest" time="5.609" classname="com.crm.qa.testcases.HomePageTest"/>
  <testcase name="selectSingleContactsTest" time="0.002" classname="com.crm.qa.testcases.ContactsPageTest"/>
  <testcase name="verifyContactsLinkTest" time="3.982" classname="com.crm.qa.testcases.HomePageTest"/>
  <testcase name="loginTest" time="0.342" classname="com.crm.qa.testcases.LoginPageTest"/>
</testsuite> <!-- Free CRm app test cases -->
