<?xml version="1.0" encoding="UTF-8"?>
<testng-results skipped="0" failed="0" ignored="0" total="7" passed="7">
  <reporter-output>
  </reporter-output>
  <suite name="Command line suite" duration-ms="164371" started-at="2020-09-22T11:57:56Z" finished-at="2020-09-22T12:00:41Z">
    <groups>
    </groups>
    <test name="Command line test" duration-ms="164371" started-at="2020-09-22T11:57:56Z" finished-at="2020-09-22T12:00:41Z">
      <class name="com.crm.qa.testcases.HomePageTest">
        <test-method status="PASS" signature="setUp()[pri:0, instance:com.crm.qa.testcases.HomePageTest@4cb2c100]" name="setUp" is-config="true" duration-ms="16409" started-at="2020-09-22T11:59:17Z" finished-at="2020-09-22T11:59:33Z">
          <reporter-output>
          </reporter-output>
        </test-method> <!-- setUp -->
        <test-method status="PASS" signature="verifyHomePageTitleTest()[pri:1, instance:com.crm.qa.testcases.HomePageTest@4cb2c100]" name="verifyHomePageTitleTest" duration-ms="7" started-at="2020-09-22T11:59:33Z" finished-at="2020-09-22T11:59:33Z">
          <reporter-output>
          </reporter-output>
        </test-method> <!-- verifyHomePageTitleTest -->
        <test-method status="PASS" signature="tearDown()[pri:0, instance:com.crm.qa.testcases.HomePageTest@4cb2c100]" name="tearDown" is-config="true" duration-ms="751" started-at="2020-09-22T11:59:33Z" finished-at="2020-09-22T11:59:34Z">
          <reporter-output>
          </reporter-output>
        </test-method> <!-- tearDown -->
        <test-method status="PASS" signature="setUp()[pri:0, instance:com.crm.qa.testcases.HomePageTest@4cb2c100]" name="setUp" is-config="true" duration-ms="10223" started-at="2020-09-22T12:00:01Z" finished-at="2020-09-22T12:00:11Z">
          <reporter-output>
          </reporter-output>
        </test-method> <!-- setUp -->
        <test-method status="PASS" signature="verifyUserNameTest()[pri:2, instance:com.crm.qa.testcases.HomePageTest@4cb2c100]" name="verifyUserNameTest" duration-ms="2786" started-at="2020-09-22T12:00:11Z" finished-at="2020-09-22T12:00:14Z">
          <reporter-output>
          </reporter-output>
        </test-method> <!-- verifyUserNameTest -->
        <test-method status="PASS" signature="tearDown()[pri:0, instance:com.crm.qa.testcases.HomePageTest@4cb2c100]" name="tearDown" is-config="true" duration-ms="4163" started-at="2020-09-22T12:00:14Z" finished-at="2020-09-22T12:00:18Z">
          <reporter-output>
          </reporter-output>
        </test-method> <!-- tearDown -->
        <test-method status="PASS" signature="setUp()[pri:0, instance:com.crm.qa.testcases.HomePageTest@4cb2c100]" name="setUp" is-config="true" duration-ms="9360" started-at="2020-09-22T12:00:18Z" finished-at="2020-09-22T12:00:27Z">
          <reporter-output>
          </reporter-output>
        </test-method> <!-- setUp -->
        <test-method status="PASS" signature="verifyContactsLinkTest()[pri:3, instance:com.crm.qa.testcases.HomePageTest@4cb2c100]" name="verifyContactsLinkTest" duration-ms="1691" started-at="2020-09-22T12:00:27Z" finished-at="2020-09-22T12:00:29Z">
          <reporter-output>
          </reporter-output>
        </test-method> <!-- verifyContactsLinkTest -->
        <test-method status="PASS" signature="tearDown()[pri:0, instance:com.crm.qa.testcases.HomePageTest@4cb2c100]" name="tearDown" is-config="true" duration-ms="667" started-at="2020-09-22T12:00:29Z" finished-at="2020-09-22T12:00:30Z">
          <reporter-output>
          </reporter-output>
        </test-method> <!-- tearDown -->
      </class> <!-- com.crm.qa.testcases.HomePageTest -->
      <class name="com.crm.qa.testcases.ContactsPageTest">
        <test-method status="PASS" signature="setUp()[pri:0, instance:com.crm.qa.testcases.ContactsPageTest@3f2a3a5]" name="setUp" is-config="true" duration-ms="78246" started-at="2020-09-22T11:57:56Z" finished-at="2020-09-22T11:59:15Z">
          <reporter-output>
          </reporter-output>
        </test-method> <!-- setUp -->
        <test-method status="PASS" signature="verifyContactsPageLabel()[pri:1, instance:com.crm.qa.testcases.ContactsPageTest@3f2a3a5]" name="verifyContactsPageLabel" duration-ms="499" started-at="2020-09-22T11:59:15Z" finished-at="2020-09-22T11:59:15Z">
          <reporter-output>
          </reporter-output>
        </test-method> <!-- verifyContactsPageLabel -->
        <test-method status="PASS" signature="tearDown()[pri:0, instance:com.crm.qa.testcases.ContactsPageTest@3f2a3a5]" name="tearDown" is-config="true" duration-ms="1767" started-at="2020-09-22T11:59:15Z" finished-at="2020-09-22T11:59:17Z">
          <reporter-output>
          </reporter-output>
        </test-method> <!-- tearDown -->
        <test-method status="PASS" signature="setUp()[pri:0, instance:com.crm.qa.testcases.ContactsPageTest@3f2a3a5]" name="setUp" is-config="true" duration-ms="14165" started-at="2020-09-22T11:59:46Z" finished-at="2020-09-22T12:00:00Z">
          <reporter-output>
          </reporter-output>
        </test-method> <!-- setUp -->
        <test-method status="PASS" signature="selectSingleContactsTest()[pri:2, instance:com.crm.qa.testcases.ContactsPageTest@3f2a3a5]" name="selectSingleContactsTest" duration-ms="1" started-at="2020-09-22T12:00:00Z" finished-at="2020-09-22T12:00:00Z">
          <reporter-output>
          </reporter-output>
        </test-method> <!-- selectSingleContactsTest -->
        <test-method status="PASS" signature="tearDown()[pri:0, instance:com.crm.qa.testcases.ContactsPageTest@3f2a3a5]" name="tearDown" is-config="true" duration-ms="698" started-at="2020-09-22T12:00:00Z" finished-at="2020-09-22T12:00:01Z">
          <reporter-output>
          </reporter-output>
        </test-method> <!-- tearDown -->
      </class> <!-- com.crm.qa.testcases.ContactsPageTest -->
      <class name="com.crm.qa.testcases.LoginPageTest">
        <test-method status="PASS" signature="setUp()[pri:0, instance:com.crm.qa.testcases.LoginPageTest@6fb554cc]" name="setUp" is-config="true" duration-ms="10977" started-at="2020-09-22T11:59:34Z" finished-at="2020-09-22T11:59:45Z">
          <reporter-output>
          </reporter-output>
        </test-method> <!-- setUp -->
        <test-method status="PASS" signature="loginPageTitleTest()[pri:1, instance:com.crm.qa.testcases.LoginPageTest@6fb554cc]" name="loginPageTitleTest" duration-ms="9" started-at="2020-09-22T11:59:45Z" finished-at="2020-09-22T11:59:45Z">
          <reporter-output>
          </reporter-output>
        </test-method> <!-- loginPageTitleTest -->
        <test-method status="PASS" signature="tearDown()[pri:0, instance:com.crm.qa.testcases.LoginPageTest@6fb554cc]" name="tearDown" is-config="true" duration-ms="835" started-at="2020-09-22T11:59:45Z" finished-at="2020-09-22T11:59:46Z">
          <reporter-output>
          </reporter-output>
        </test-method> <!-- tearDown -->
        <test-method status="PASS" signature="setUp()[pri:0, instance:com.crm.qa.testcases.LoginPageTest@6fb554cc]" name="setUp" is-config="true" duration-ms="10078" started-at="2020-09-22T12:00:30Z" finished-at="2020-09-22T12:00:40Z">
          <reporter-output>
          </reporter-output>
        </test-method> <!-- setUp -->
        <test-method status="PASS" signature="loginTest()[pri:3, instance:com.crm.qa.testcases.LoginPageTest@6fb554cc]" name="loginTest" duration-ms="315" started-at="2020-09-22T12:00:40Z" finished-at="2020-09-22T12:00:40Z">
          <reporter-output>
          </reporter-output>
        </test-method> <!-- loginTest -->
        <test-method status="PASS" signature="tearDown()[pri:0, instance:com.crm.qa.testcases.LoginPageTest@6fb554cc]" name="tearDown" is-config="true" duration-ms="625" started-at="2020-09-22T12:00:40Z" finished-at="2020-09-22T12:00:41Z">
          <reporter-output>
          </reporter-output>
        </test-method> <!-- tearDown -->
      </class> <!-- com.crm.qa.testcases.LoginPageTest -->
    </test> <!-- Command line test -->
  </suite> <!-- Command line suite -->
</testng-results>
