<?xml version="1.0" encoding="UTF-8"?>
<testng-results skipped="0" failed="0" ignored="0" total="7" passed="7">
  <reporter-output>
  </reporter-output>
  <suite name="Free CRm application test suite" duration-ms="135233" started-at="2020-09-22T08:21:35Z" finished-at="2020-09-22T08:23:50Z">
    <groups>
    </groups>
    <test name="Free CRm app test cases" duration-ms="135233" started-at="2020-09-22T08:21:35Z" finished-at="2020-09-22T08:23:50Z">
      <class name="com.crm.qa.testcases.HomePageTest">
        <test-method status="PASS" signature="setUp()[pri:0, instance:com.crm.qa.testcases.HomePageTest@548e7350]" name="setUp" is-config="true" duration-ms="13860" started-at="2020-09-22T08:21:35Z" finished-at="2020-09-22T08:21:49Z">
          <reporter-output>
          </reporter-output>
        </test-method> <!-- setUp -->
        <test-method status="PASS" signature="verifyHomePageTitleTest()[pri:1, instance:com.crm.qa.testcases.HomePageTest@548e7350]" name="verifyHomePageTitleTest" duration-ms="16" started-at="2020-09-22T08:21:49Z" finished-at="2020-09-22T08:21:49Z">
          <reporter-output>
          </reporter-output>
        </test-method> <!-- verifyHomePageTitleTest -->
        <test-method status="PASS" signature="tearDown()[pri:0, instance:com.crm.qa.testcases.HomePageTest@548e7350]" name="tearDown" is-config="true" duration-ms="661" started-at="2020-09-22T08:21:49Z" finished-at="2020-09-22T08:21:49Z">
          <reporter-output>
          </reporter-output>
        </test-method> <!-- tearDown -->
        <test-method status="PASS" signature="setUp()[pri:0, instance:com.crm.qa.testcases.HomePageTest@548e7350]" name="setUp" is-config="true" duration-ms="14755" started-at="2020-09-22T08:22:19Z" finished-at="2020-09-22T08:22:34Z">
          <reporter-output>
          </reporter-output>
        </test-method> <!-- setUp -->
        <test-method status="PASS" signature="verifyUserNameTest()[pri:2, instance:com.crm.qa.testcases.HomePageTest@548e7350]" name="verifyUserNameTest" duration-ms="5609" started-at="2020-09-22T08:22:34Z" finished-at="2020-09-22T08:22:39Z">
          <reporter-output>
          </reporter-output>
        </test-method> <!-- verifyUserNameTest -->
        <test-method status="PASS" signature="tearDown()[pri:0, instance:com.crm.qa.testcases.HomePageTest@548e7350]" name="tearDown" is-config="true" duration-ms="1100" started-at="2020-09-22T08:22:39Z" finished-at="2020-09-22T08:22:40Z">
          <reporter-output>
          </reporter-output>
        </test-method> <!-- tearDown -->
        <test-method status="PASS" signature="setUp()[pri:0, instance:com.crm.qa.testcases.HomePageTest@548e7350]" name="setUp" is-config="true" duration-ms="21411" started-at="2020-09-22T08:23:03Z" finished-at="2020-09-22T08:23:24Z">
          <reporter-output>
          </reporter-output>
        </test-method> <!-- setUp -->
        <test-method status="PASS" signature="verifyContactsLinkTest()[pri:3, instance:com.crm.qa.testcases.HomePageTest@548e7350]" name="verifyContactsLinkTest" duration-ms="3982" started-at="2020-09-22T08:23:24Z" finished-at="2020-09-22T08:23:28Z">
          <reporter-output>
          </reporter-output>
        </test-method> <!-- verifyContactsLinkTest -->
        <test-method status="PASS" signature="tearDown()[pri:0, instance:com.crm.qa.testcases.HomePageTest@548e7350]" name="tearDown" is-config="true" duration-ms="669" started-at="2020-09-22T08:23:28Z" finished-at="2020-09-22T08:23:29Z">
          <reporter-output>
          </reporter-output>
        </test-method> <!-- tearDown -->
      </class> <!-- com.crm.qa.testcases.HomePageTest -->
      <class name="com.crm.qa.testcases.ContactsPageTest">
        <test-method status="PASS" signature="setUp()[pri:0, instance:com.crm.qa.testcases.ContactsPageTest@4667ae56]" name="setUp" is-config="true" duration-ms="14740" started-at="2020-09-22T08:22:02Z" finished-at="2020-09-22T08:22:16Z">
          <reporter-output>
          </reporter-output>
        </test-method> <!-- setUp -->
        <test-method status="PASS" signature="verifyContactsPageLabel()[pri:1, instance:com.crm.qa.testcases.ContactsPageTest@4667ae56]" name="verifyContactsPageLabel" duration-ms="196" started-at="2020-09-22T08:22:16Z" finished-at="2020-09-22T08:22:17Z">
          <reporter-output>
          </reporter-output>
        </test-method> <!-- verifyContactsPageLabel -->
        <test-method status="PASS" signature="tearDown()[pri:0, instance:com.crm.qa.testcases.ContactsPageTest@4667ae56]" name="tearDown" is-config="true" duration-ms="2280" started-at="2020-09-22T08:22:17Z" finished-at="2020-09-22T08:22:19Z">
          <reporter-output>
          </reporter-output>
        </test-method> <!-- tearDown -->
        <test-method status="PASS" signature="setUp()[pri:0, instance:com.crm.qa.testcases.ContactsPageTest@4667ae56]" name="setUp" is-config="true" duration-ms="21761" started-at="2020-09-22T08:22:40Z" finished-at="2020-09-22T08:23:02Z">
          <reporter-output>
          </reporter-output>
        </test-method> <!-- setUp -->
        <test-method status="PASS" signature="selectSingleContactsTest()[pri:2, instance:com.crm.qa.testcases.ContactsPageTest@4667ae56]" name="selectSingleContactsTest" duration-ms="2" started-at="2020-09-22T08:23:02Z" finished-at="2020-09-22T08:23:02Z">
          <reporter-output>
          </reporter-output>
        </test-method> <!-- selectSingleContactsTest -->
        <test-method status="PASS" signature="tearDown()[pri:0, instance:com.crm.qa.testcases.ContactsPageTest@4667ae56]" name="tearDown" is-config="true" duration-ms="891" started-at="2020-09-22T08:23:02Z" finished-at="2020-09-22T08:23:03Z">
          <reporter-output>
          </reporter-output>
        </test-method> <!-- tearDown -->
      </class> <!-- com.crm.qa.testcases.ContactsPageTest -->
      <class name="com.crm.qa.testcases.LoginPageTest">
        <test-method status="PASS" signature="setUp()[pri:0, instance:com.crm.qa.testcases.LoginPageTest@1a968a59]" name="setUp" is-config="true" duration-ms="11808" started-at="2020-09-22T08:21:49Z" finished-at="2020-09-22T08:22:01Z">
          <reporter-output>
          </reporter-output>
        </test-method> <!-- setUp -->
        <test-method status="PASS" signature="loginPageTitleTest()[pri:1, instance:com.crm.qa.testcases.LoginPageTest@1a968a59]" name="loginPageTitleTest" duration-ms="11" started-at="2020-09-22T08:22:01Z" finished-at="2020-09-22T08:22:01Z">
          <reporter-output>
          </reporter-output>
        </test-method> <!-- loginPageTitleTest -->
        <test-method status="PASS" signature="tearDown()[pri:0, instance:com.crm.qa.testcases.LoginPageTest@1a968a59]" name="tearDown" is-config="true" duration-ms="582" started-at="2020-09-22T08:22:01Z" finished-at="2020-09-22T08:22:02Z">
          <reporter-output>
          </reporter-output>
        </test-method> <!-- tearDown -->
        <test-method status="PASS" signature="setUp()[pri:0, instance:com.crm.qa.testcases.LoginPageTest@1a968a59]" name="setUp" is-config="true" duration-ms="19894" started-at="2020-09-22T08:23:29Z" finished-at="2020-09-22T08:23:49Z">
          <reporter-output>
          </reporter-output>
        </test-method> <!-- setUp -->
        <test-method status="PASS" signature="loginTest()[pri:3, instance:com.crm.qa.testcases.LoginPageTest@1a968a59]" name="loginTest" duration-ms="342" started-at="2020-09-22T08:23:49Z" finished-at="2020-09-22T08:23:49Z">
          <reporter-output>
          </reporter-output>
        </test-method> <!-- loginTest -->
        <test-method status="PASS" signature="tearDown()[pri:0, instance:com.crm.qa.testcases.LoginPageTest@1a968a59]" name="tearDown" is-config="true" duration-ms="605" started-at="2020-09-22T08:23:49Z" finished-at="2020-09-22T08:23:50Z">
          <reporter-output>
          </reporter-output>
        </test-method> <!-- tearDown -->
      </class> <!-- com.crm.qa.testcases.LoginPageTest -->
    </test> <!-- Free CRm app test cases -->
  </suite> <!-- Free CRm application test suite -->
</testng-results>
